<?xml version="1.0" encoding="UTF-8"?>
<!-- Generated by org.testng.reporters.JUnitReportReporter -->
<testsuite hostname="DESKTOP-LF9C4GT" failures="0" tests="1" name="TestRunner.cucumberTestRunner" time="3.094" errors="0" timestamp="2024-06-18T15:52:34 IST" skipped="0">
  <testcase classname="TestRunner.cucumberTestRunner" name="runScenario" time="3.094"/>
</testsuite> <!-- TestRunner.cucumberTestRunner -->
