<?xml version="1.0" encoding="UTF-8"?>
<!-- Generated by org.testng.reporters.JUnitReportReporter -->
<testsuite hostname="DESKTOP-LF9C4GT" failures="0" tests="1" name="TestRunner.cucumberTestRunner" time="8.063" errors="0" timestamp="2024-06-14T14:41:19 IST" skipped="0">
  <testcase classname="TestRunner.cucumberTestRunner" name="runScenario" time="8.063"/>
</testsuite> <!-- TestRunner.cucumberTestRunner -->
